<?xml version="1.0" encoding="UTF-8"?>
<testng-results ignored="6" total="8" passed="2" failed="0" skipped="0">
  <reporter-output>
  </reporter-output>
  <suite started-at="2025-09-02T21:18:06 IST" name="group" finished-at="2025-09-02T21:18:07 IST" duration-ms="101">
    <groups>
      <group name="functional">
        <method signature="Testng_payment.pay_inr()[pri:1, instance:Testng_payment@38afe297]" name="pay_inr" class="Testng_payment"/>
        <method signature="Testng_payment.pay_dollar()[pri:2, instance:Testng_payment@38afe297]" name="pay_dollar" class="Testng_payment"/>
      </group> <!-- functional -->
      <group name="regression">
        <method signature="Testng_payment.pay_inr()[pri:1, instance:Testng_payment@38afe297]" name="pay_inr" class="Testng_payment"/>
        <method signature="Testng_payment.pay_dollar()[pri:2, instance:Testng_payment@38afe297]" name="pay_dollar" class="Testng_payment"/>
      </group> <!-- regression -->
      <group name="sanity">
        <method signature="Testng_payment.pay_inr()[pri:1, instance:Testng_payment@38afe297]" name="pay_inr" class="Testng_payment"/>
        <method signature="Testng_payment.pay_dollar()[pri:2, instance:Testng_payment@38afe297]" name="pay_dollar" class="Testng_payment"/>
      </group> <!-- sanity -->
    </groups>
    <test started-at="2025-09-02T21:18:06 IST" name="groupingtest" finished-at="2025-09-02T21:18:07 IST" duration-ms="101">
      <class name="Testng_payment">
        <test-method signature="pay_inr()[pri:1, instance:Testng_payment@38afe297]" started-at="2025-09-02T21:18:07 IST" name="pay_inr" finished-at="2025-09-02T21:18:07 IST" duration-ms="10" status="PASS">
          <reporter-output>
          </reporter-output>
        </test-method> <!-- pay_inr -->
        <test-method signature="pay_dollar()[pri:2, instance:Testng_payment@38afe297]" started-at="2025-09-02T21:18:07 IST" name="pay_dollar" finished-at="2025-09-02T21:18:07 IST" duration-ms="1" status="PASS">
          <reporter-output>
          </reporter-output>
        </test-method> <!-- pay_dollar -->
      </class> <!-- Testng_payment -->
    </test> <!-- groupingtest -->
  </suite> <!-- group -->
</testng-results>
