<?xml version="1.0" encoding="UTF-8"?>
<testng-results ignored="0" total="6" passed="6" failed="0" skipped="0">
  <reporter-output>
  </reporter-output>
  <suite started-at="2025-08-31T23:07:09 IST" name="Suite" finished-at="2025-08-31T23:07:21 IST" duration-ms="12253">
    <groups>
    </groups>
    <test started-at="2025-08-31T23:07:09 IST" name="Test" finished-at="2025-08-31T23:07:21 IST" duration-ms="12253">
      <class name="Testng_orangehrm">
        <test-method signature="openapp()[pri:1, instance:Testng_orangehrm@4b0b0854]" started-at="2025-08-31T23:07:09 IST" name="openapp" finished-at="2025-08-31T23:07:16 IST" duration-ms="7533" status="PASS">
          <reporter-output>
          </reporter-output>
        </test-method> <!-- openapp -->
        <test-method signature="testlogo()[pri:2, instance:Testng_orangehrm@4b0b0854]" started-at="2025-08-31T23:07:16 IST" name="testlogo" finished-at="2025-08-31T23:07:20 IST" duration-ms="3142" status="PASS">
          <reporter-output>
          </reporter-output>
        </test-method> <!-- testlogo -->
        <test-method signature="testlogin()[pri:3, instance:Testng_orangehrm@4b0b0854]" started-at="2025-08-31T23:07:20 IST" name="testlogin" finished-at="2025-08-31T23:07:21 IST" duration-ms="1377" status="PASS">
          <reporter-output>
          </reporter-output>
        </test-method> <!-- testlogin -->
        <test-method signature="testlogout()[pri:4, instance:Testng_orangehrm@4b0b0854]" started-at="2025-08-31T23:07:21 IST" name="testlogout" finished-at="2025-08-31T23:07:21 IST" duration-ms="99" status="PASS">
          <reporter-output>
          </reporter-output>
        </test-method> <!-- testlogout -->
      </class> <!-- Testng_orangehrm -->
      <class name="Testng_first">
        <test-method signature="login()[pri:0, instance:Testng_first@57c758ac]" started-at="2025-08-31T23:07:21 IST" name="login" finished-at="2025-08-31T23:07:21 IST" duration-ms="1" status="PASS">
          <reporter-output>
          </reporter-output>
        </test-method> <!-- login -->
        <test-method signature="openapp()[pri:1, instance:Testng_first@57c758ac]" started-at="2025-08-31T23:07:21 IST" name="openapp" finished-at="2025-08-31T23:07:21 IST" duration-ms="2" status="PASS">
          <reporter-output>
          </reporter-output>
        </test-method> <!-- openapp -->
      </class> <!-- Testng_first -->
    </test> <!-- Test -->
  </suite> <!-- Suite -->
</testng-results>
