<?xml version="1.0" encoding="UTF-8"?>
<!-- Generated by org.testng.reporters.JUnitXMLReporter -->
<testsuite ignored="6" hostname="er-sri-jaya-shankaran" failures="0" tests="2" name="groupingtest" time="0.101" errors="0" timestamp="2025-09-02T21:18:07 IST">
  <testcase classname="Testng_payment" name="pay_inr" time="0.01"/>
  <testcase classname="Testng_payment" name="pay_dollar" time="0.001"/>
  <testcase classname="Testng_signup" name="signup_fb" time="0.0">
    <ignored/>
  </testcase> <!-- signup_fb -->
  <testcase classname="Testng_login" name="login_twitter" time="0.0">
    <ignored/>
  </testcase> <!-- login_twitter -->
  <testcase classname="Testng_signup" name="signup_twitter" time="0.0">
    <ignored/>
  </testcase> <!-- signup_twitter -->
  <testcase classname="Testng_login" name="login_email" time="0.0">
    <ignored/>
  </testcase> <!-- login_email -->
  <testcase classname="Testng_login" name="login_facebook" time="0.0">
    <ignored/>
  </testcase> <!-- login_facebook -->
  <testcase classname="Testng_signup" name="signup_mail" time="0.0">
    <ignored/>
  </testcase> <!-- signup_mail -->
</testsuite> <!-- groupingtest -->
